<?xml version="1.0" encoding="UTF-8"?>
<testsuite xmlns:xsi="http://www.w3.org/2001/XMLSchema-instance" xsi:noNamespaceSchemaLocation="https://maven.apache.org/surefire/maven-surefire-plugin/xsd/surefire-test-report-3.0.xsd" version="3.0" name="com.ecommerce.inventory.controller.InventoryControllerIntegrationTest" time="7.494" tests="7" errors="0" skipped="0" failures="0">
  <properties>
[...]
</properties>
  <testcase name="testGetInventory_MultipleBatches" classname="com.ecommerce.inventory.controller.InventoryControllerIntegrationTest" time="0.814">
    <system-out><![CDATA[10:48:07.556 [main] INFO org.springframework.test.context.support.AnnotationConfigContextLoaderUtils -- Could not detect default configuration classes for test class [com.ecommerce.inventory.controller.InventoryControllerIntegrationTest]: InventoryControllerIntegrationTest does not declare any static, non-private, non-final, nested classes annotated with @Configuration.
10:48:07.784 [main] INFO org.springframework.boot.test.context.SpringBootTestContextBootstrapper -- Found @SpringBootConfiguration com.ecommerce.inventory.InventoryServiceApplication for test class com.ecommerce.inventory.controller.InventoryControllerIntegrationTest

  .   ____          _            __ _ _
 /\\ / ___'_ __ _ _(_)_ __  __ _ \ \ \ \
( ( )\___ | '_ | '_| | '_ \/ _` | \ \ \ \
 \\/  ___)| |_)| | | | | || (_| |  ) ) ) )
  '  |____| .__|_| |_|_| |_\__, | / / / /
 =========|_|==============|___/=/_/_/_/
 :: Spring Boot ::                (v3.2.1)

2026-02-14T10:48:08.525+05:30  INFO 2284 --- [inventory-service] [           main] e.i.c.InventoryControllerIntegrationTest : Starting InventoryControllerIntegrationTest using Java 21.0.3 with PID 2284 (started by Debal in C:\Users\Debal\OneDrive\Documents\Debalay Koerber Assignment\inventory-service)
2026-02-14T10:48:08.526+05:30 DEBUG 2284 --- [inventory-service] [           main] e.i.c.InventoryControllerIntegrationTest : Running with Spring Boot v3.2.1, Spring v6.1.2
2026-02-14T10:48:08.526+05:30  INFO 2284 --- [inventory-service] [           main] e.i.c.InventoryControllerIntegrationTest : No active profile set, falling back to 1 default profile: "default"
2026-02-14T10:48:09.429+05:30  INFO 2284 --- [inventory-service] [           main] .s.d.r.c.RepositoryConfigurationDelegate : Bootstrapping Spring Data JPA repositories in DEFAULT mode.
2026-02-14T10:48:09.491+05:30  INFO 2284 --- [inventory-service] [           main] .s.d.r.c.RepositoryConfigurationDelegate : Finished Spring Data repository scanning in 52 ms. Found 1 JPA repository interface.
2026-02-14T10:48:09.974+05:30  INFO 2284 --- [inventory-service] [           main] com.zaxxer.hikari.HikariDataSource       : HikariPool-1 - Starting...
2026-02-14T10:48:10.220+05:30  INFO 2284 --- [inventory-service] [           main] com.zaxxer.hikari.pool.HikariPool        : HikariPool-1 - Added connection conn0: url=jdbc:h2:mem:inventorydb user=SA
2026-02-14T10:48:10.222+05:30  INFO 2284 --- [inventory-service] [           main] com.zaxxer.hikari.HikariDataSource       : HikariPool-1 - Start completed.
2026-02-14T10:48:10.300+05:30  INFO 2284 --- [inventory-service] [           main] liquibase.database                       : Set default schema name to PUBLIC
2026-02-14T10:48:10.883+05:30  INFO 2284 --- [inventory-service] [           main] liquibase.changelog                      : Creating database history table with name: PUBLIC.DATABASECHANGELOG
2026-02-14T10:48:10.999+05:30  INFO 2284 --- [inventory-service] [           main] liquibase.changelog                      : Reading from PUBLIC.DATABASECHANGELOG
2026-02-14T10:48:11.062+05:30  INFO 2284 --- [inventory-service] [           main] liquibase.lockservice                    : Successfully acquired change log lock
2026-02-14T10:48:11.064+05:30  INFO 2284 --- [inventory-service] [           main] liquibase.command                        : Using deploymentId: 1046291063
2026-02-14T10:48:11.065+05:30  INFO 2284 --- [inventory-service] [           main] liquibase.changelog                      : Reading from PUBLIC.DATABASECHANGELOG
Running Changeset: db/changelog/01-create-inventory-schema.xml::1::system
2026-02-14T10:48:11.100+05:30  INFO 2284 --- [inventory-service] [           main] liquibase.changelog                      : Table inventory_batch created
2026-02-14T10:48:11.103+05:30  INFO 2284 --- [inventory-service] [           main] liquibase.changelog                      : Index idx_product_id created
2026-02-14T10:48:11.104+05:30  INFO 2284 --- [inventory-service] [           main] liquibase.changelog                      : Index idx_expiry_date created
2026-02-14T10:48:11.104+05:30  INFO 2284 --- [inventory-service] [           main] liquibase.changelog                      : ChangeSet db/changelog/01-create-inventory-schema.xml::1::system ran successfully in 9ms
Running Changeset: db/changelog/02-load-inventory-data.xml::2::system
2026-02-14T10:48:11.140+05:30  INFO 2284 --- [inventory-service] [           main] liquibase.statement                      : Executing JDBC DML batch was successful. 10 operations were executed, 1 individual UPDATE events were confirmed by the database.
2026-02-14T10:48:11.141+05:30  INFO 2284 --- [inventory-service] [           main] liquibase.changelog                      : Data loaded from 'db/changelog/data/inventory_batches.csv' into table 'inventory_batch'
2026-02-14T10:48:11.141+05:30  INFO 2284 --- [inventory-service] [           main] liquibase.changelog                      : ChangeSet db/changelog/02-load-inventory-data.xml::2::system ran successfully in 30ms
2026-02-14T10:48:11.146+05:30  INFO 2284 --- [inventory-service] [           main] liquibase.util                           : UPDATE SUMMARY
2026-02-14T10:48:11.146+05:30  INFO 2284 --- [inventory-service] [           main] liquibase.util                           : Run:                          2
2026-02-14T10:48:11.147+05:30  INFO 2284 --- [inventory-service] [           main] liquibase.util                           : Previously run:               0
2026-02-14T10:48:11.147+05:30  INFO 2284 --- [inventory-service] [           main] liquibase.util                           : Filtered out:                 0
2026-02-14T10:48:11.147+05:30  INFO 2284 --- [inventory-service] [           main] liquibase.util                           : -------------------------------
2026-02-14T10:48:11.147+05:30  INFO 2284 --- [inventory-service] [           main] liquibase.util                           : Total change sets:            2
2026-02-14T10:48:11.147+05:30  INFO 2284 --- [inventory-service] [           main] liquibase.util                           : Update summary generated
2026-02-14T10:48:11.148+05:30  INFO 2284 --- [inventory-service] [           main] liquibase.command                        : Update command completed successfully.
Liquibase: Update has been successful. Rows affected: 2
2026-02-14T10:48:11.150+05:30  INFO 2284 --- [inventory-service] [           main] liquibase.lockservice                    : Successfully released change log lock
2026-02-14T10:48:11.150+05:30  INFO 2284 --- [inventory-service] [           main] liquibase.command                        : Command execution complete
2026-02-14T10:48:11.252+05:30  INFO 2284 --- [inventory-service] [           main] o.hibernate.jpa.internal.util.LogHelper  : HHH000204: Processing PersistenceUnitInfo [name: default]
2026-02-14T10:48:11.362+05:30  INFO 2284 --- [inventory-service] [           main] org.hibernate.Version                    : HHH000412: Hibernate ORM core version 6.4.1.Final
2026-02-14T10:48:11.421+05:30  INFO 2284 --- [inventory-service] [           main] o.h.c.internal.RegionFactoryInitiator    : HHH000026: Second-level cache disabled
2026-02-14T10:48:11.720+05:30  INFO 2284 --- [inventory-service] [           main] o.s.o.j.p.SpringPersistenceUnitInfo      : No LoadTimeWeaver setup: ignoring JPA class transformer
2026-02-14T10:48:11.785+05:30  WARN 2284 --- [inventory-service] [           main] org.hibernate.orm.deprecation            : HHH90000025: H2Dialect does not need to be specified explicitly using 'hibernate.dialect' (remove the property setting and it will be selected by default)
2026-02-14T10:48:12.632+05:30  INFO 2284 --- [inventory-service] [           main] o.h.e.t.j.p.i.JtaPlatformInitiator       : HHH000489: No JTA platform available (set 'hibernate.transaction.jta.platform' to enable JTA platform integration)
2026-02-14T10:48:12.635+05:30  INFO 2284 --- [inventory-service] [           main] j.LocalContainerEntityManagerFactoryBean : Initialized JPA EntityManagerFactory for persistence unit 'default'
2026-02-14T10:48:13.015+05:30  INFO 2284 --- [inventory-service] [           main] c.e.i.factory.InventoryHandlerFactory    : Initialized InventoryHandlerFactory with handlers: [FIFO]
2026-02-14T10:48:13.282+05:30  WARN 2284 --- [inventory-service] [           main] JpaBaseConfiguration$JpaWebConfiguration : spring.jpa.open-in-view is enabled by default. Therefore, database queries may be performed during view rendering. Explicitly configure spring.jpa.open-in-view to disable this warning
2026-02-14T10:48:13.716+05:30  INFO 2284 --- [inventory-service] [           main] o.s.b.a.h2.H2ConsoleAutoConfiguration    : H2 console available at '/h2-console'. Database available at 'jdbc:h2:mem:inventorydb'
2026-02-14T10:48:13.780+05:30  INFO 2284 --- [inventory-service] [           main] o.s.b.t.m.w.SpringBootMockServletContext : Initializing Spring TestDispatcherServlet ''
2026-02-14T10:48:13.780+05:30  INFO 2284 --- [inventory-service] [           main] o.s.t.web.servlet.TestDispatcherServlet  : Initializing Servlet ''
2026-02-14T10:48:13.782+05:30  INFO 2284 --- [inventory-service] [           main] o.s.t.web.servlet.TestDispatcherServlet  : Completed initialization in 1 ms
2026-02-14T10:48:13.805+05:30  INFO 2284 --- [inventory-service] [           main] e.i.c.InventoryControllerIntegrationTest : Started InventoryControllerIntegrationTest in 5.732 seconds (process running for 7.186)
2026-02-14T10:48:14.355+05:30  INFO 2284 --- [inventory-service] [           main] c.e.i.controller.InventoryController     : Received GET request for inventory: productId=1005
2026-02-14T10:48:14.364+05:30  INFO 2284 --- [inventory-service] [           main] c.e.inventory.service.InventoryService   : Fetching inventory for product ID: 1005
2026-02-14T10:48:14.364+05:30 DEBUG 2284 --- [inventory-service] [           main] c.e.i.factory.InventoryHandlerFactory    : Retrieving default handler: FIFO
2026-02-14T10:48:14.364+05:30 DEBUG 2284 --- [inventory-service] [           main] c.e.i.factory.InventoryHandlerFactory    : Retrieved handler of type: FIFO
2026-02-14T10:48:14.364+05:30 DEBUG 2284 --- [inventory-service] [           main] c.e.i.factory.FifoInventoryHandler       : Fetching FIFO inventory for product: 1005
2026-02-14T10:48:14.492+05:30 DEBUG 2284 --- [inventory-service] [           main] org.hibernate.SQL                        : 
    select
        ib1_0.batch_id,
        ib1_0.expiry_date,
        ib1_0.product_id,
        ib1_0.product_name,
        ib1_0.quantity 
    from
        inventory_batch ib1_0 
    where
        ib1_0.product_id=? 
    order by
        ib1_0.expiry_date
Hibernate: 
    select
        ib1_0.batch_id,
        ib1_0.expiry_date,
        ib1_0.product_id,
        ib1_0.product_name,
        ib1_0.quantity 
    from
        inventory_batch ib1_0 
    where
        ib1_0.product_id=? 
    order by
        ib1_0.expiry_date
2026-02-14T10:48:14.518+05:30 DEBUG 2284 --- [inventory-service] [           main] c.e.i.factory.FifoInventoryHandler       : Found 3 batches with total quantity 131 for product 1005
2026-02-14T10:48:14.518+05:30  INFO 2284 --- [inventory-service] [           main] c.e.inventory.service.InventoryService   : Successfully retrieved inventory for product 1005: 3 batches, total quantity: 131
2026-02-14T10:48:14.519+05:30  INFO 2284 --- [inventory-service] [           main] c.e.i.controller.InventoryController     : Successfully processed GET request for product 1005
]]></system-out>
    <system-err><![CDATA[WARNING: A Java agent has been loaded dynamically (C:\Users\Debal\.m2\repository\net\bytebuddy\byte-buddy-agent\1.14.10\byte-buddy-agent-1.14.10.jar)
WARNING: If a serviceability tool is in use, please run with -XX:+EnableDynamicAgentLoading to hide this warning
WARNING: If a serviceability tool is not in use, please run with -Djdk.instrument.traceUsage for more information
WARNING: Dynamic loading of agents will be disallowed by default in a future release
]]></system-err>
  </testcase>
  <testcase name="testUpdateInventory_Success" classname="com.ecommerce.inventory.controller.InventoryControllerIntegrationTest" time="0.117">
    <system-out><![CDATA[2026-02-14T10:48:14.706+05:30  INFO 2284 --- [inventory-service] [           main] c.e.i.controller.InventoryController     : Received POST request to update inventory: productId=1001, quantity=5
2026-02-14T10:48:14.706+05:30  INFO 2284 --- [inventory-service] [           main] c.e.inventory.service.InventoryService   : Updating inventory for product 1001: 5 units from 1 batches
2026-02-14T10:48:14.706+05:30 DEBUG 2284 --- [inventory-service] [           main] c.e.i.factory.InventoryHandlerFactory    : Retrieving default handler: FIFO
2026-02-14T10:48:14.706+05:30 DEBUG 2284 --- [inventory-service] [           main] c.e.i.factory.InventoryHandlerFactory    : Retrieved handler of type: FIFO
2026-02-14T10:48:14.706+05:30 DEBUG 2284 --- [inventory-service] [           main] c.e.i.factory.FifoInventoryHandler       : Updating FIFO inventory for product: 1001, total quantity: 5
2026-02-14T10:48:14.717+05:30 DEBUG 2284 --- [inventory-service] [           main] org.hibernate.SQL                        : 
    select
        ib1_0.batch_id,
        ib1_0.expiry_date,
        ib1_0.product_id,
        ib1_0.product_name,
        ib1_0.quantity 
    from
        inventory_batch ib1_0 
    where
        ib1_0.batch_id=?
Hibernate: 
    select
        ib1_0.batch_id,
        ib1_0.expiry_date,
        ib1_0.product_id,
        ib1_0.product_name,
        ib1_0.quantity 
    from
        inventory_batch ib1_0 
    where
        ib1_0.batch_id=?
2026-02-14T10:48:14.724+05:30 DEBUG 2284 --- [inventory-service] [           main] c.e.i.factory.FifoInventoryHandler       : Updated batch 1: deducted: 5
2026-02-14T10:48:14.724+05:30  INFO 2284 --- [inventory-service] [           main] c.e.i.factory.FifoInventoryHandler       : Successfully updated inventory for product: 1001
2026-02-14T10:48:14.724+05:30  INFO 2284 --- [inventory-service] [           main] c.e.inventory.service.InventoryService   : Successfully updated inventory for product 1001
2026-02-14T10:48:14.741+05:30 DEBUG 2284 --- [inventory-service] [           main] org.hibernate.SQL                        : 
    update
        inventory_batch 
    set
        expiry_date=?,
        product_id=?,
        product_name=?,
        quantity=? 
    where
        batch_id=?
Hibernate: 
    update
        inventory_batch 
    set
        expiry_date=?,
        product_id=?,
        product_name=?,
        quantity=? 
    where
        batch_id=?
2026-02-14T10:48:14.745+05:30  INFO 2284 --- [inventory-service] [           main] c.e.i.controller.InventoryController     : Inventory updated successfully for product 1001
2026-02-14T10:48:14.753+05:30  INFO 2284 --- [inventory-service] [           main] c.e.i.controller.InventoryController     : Received GET request for inventory: productId=1001
2026-02-14T10:48:14.753+05:30  INFO 2284 --- [inventory-service] [           main] c.e.inventory.service.InventoryService   : Fetching inventory for product ID: 1001
2026-02-14T10:48:14.753+05:30 DEBUG 2284 --- [inventory-service] [           main] c.e.i.factory.InventoryHandlerFactory    : Retrieving default handler: FIFO
2026-02-14T10:48:14.753+05:30 DEBUG 2284 --- [inventory-service] [           main] c.e.i.factory.InventoryHandlerFactory    : Retrieved handler of type: FIFO
2026-02-14T10:48:14.753+05:30 DEBUG 2284 --- [inventory-service] [           main] c.e.i.factory.FifoInventoryHandler       : Fetching FIFO inventory for product: 1001
2026-02-14T10:48:14.754+05:30 DEBUG 2284 --- [inventory-service] [           main] org.hibernate.SQL                        : 
    select
        ib1_0.batch_id,
        ib1_0.expiry_date,
        ib1_0.product_id,
        ib1_0.product_name,
        ib1_0.quantity 
    from
        inventory_batch ib1_0 
    where
        ib1_0.product_id=? 
    order by
        ib1_0.expiry_date
Hibernate: 
    select
        ib1_0.batch_id,
        ib1_0.expiry_date,
        ib1_0.product_id,
        ib1_0.product_name,
        ib1_0.quantity 
    from
        inventory_batch ib1_0 
    where
        ib1_0.product_id=? 
    order by
        ib1_0.expiry_date
2026-02-14T10:48:14.755+05:30 DEBUG 2284 --- [inventory-service] [           main] c.e.i.factory.FifoInventoryHandler       : Found 1 batches with total quantity 63 for product 1001
2026-02-14T10:48:14.755+05:30  INFO 2284 --- [inventory-service] [           main] c.e.inventory.service.InventoryService   : Successfully retrieved inventory for product 1001: 1 batches, total quantity: 63
2026-02-14T10:48:14.755+05:30  INFO 2284 --- [inventory-service] [           main] c.e.i.controller.InventoryController     : Successfully processed GET request for product 1001
]]></system-out>
  </testcase>
  <testcase name="testGetInventory_ProductNotFound" classname="com.ecommerce.inventory.controller.InventoryControllerIntegrationTest" time="0.01">
    <system-out><![CDATA[2026-02-14T10:48:14.762+05:30  INFO 2284 --- [inventory-service] [           main] c.e.i.controller.InventoryController     : Received GET request for inventory: productId=9999
2026-02-14T10:48:14.762+05:30  INFO 2284 --- [inventory-service] [           main] c.e.inventory.service.InventoryService   : Fetching inventory for product ID: 9999
2026-02-14T10:48:14.762+05:30 DEBUG 2284 --- [inventory-service] [           main] c.e.i.factory.InventoryHandlerFactory    : Retrieving default handler: FIFO
2026-02-14T10:48:14.762+05:30 DEBUG 2284 --- [inventory-service] [           main] c.e.i.factory.InventoryHandlerFactory    : Retrieved handler of type: FIFO
2026-02-14T10:48:14.762+05:30 DEBUG 2284 --- [inventory-service] [           main] c.e.i.factory.FifoInventoryHandler       : Fetching FIFO inventory for product: 9999
2026-02-14T10:48:14.763+05:30 DEBUG 2284 --- [inventory-service] [           main] org.hibernate.SQL                        : 
    select
        ib1_0.batch_id,
        ib1_0.expiry_date,
        ib1_0.product_id,
        ib1_0.product_name,
        ib1_0.quantity 
    from
        inventory_batch ib1_0 
    where
        ib1_0.product_id=? 
    order by
        ib1_0.expiry_date
Hibernate: 
    select
        ib1_0.batch_id,
        ib1_0.expiry_date,
        ib1_0.product_id,
        ib1_0.product_name,
        ib1_0.quantity 
    from
        inventory_batch ib1_0 
    where
        ib1_0.product_id=? 
    order by
        ib1_0.expiry_date
2026-02-14T10:48:14.764+05:30  WARN 2284 --- [inventory-service] [           main] c.e.i.factory.FifoInventoryHandler       : No inventory found for product: 9999
2026-02-14T10:48:14.764+05:30 ERROR 2284 --- [inventory-service] [           main] c.e.inventory.service.InventoryService   : Failed to fetch inventory for product 9999: No inventory found for product: 9999
2026-02-14T10:48:14.765+05:30  WARN 2284 --- [inventory-service] [           main] c.e.i.controller.InventoryController     : Product not found: 9999
]]></system-out>
  </testcase>
  <testcase name="testUpdateInventory_InvalidRequest" classname="com.ecommerce.inventory.controller.InventoryControllerIntegrationTest" time="0.012">
    <system-out><![CDATA[2026-02-14T10:48:14.779+05:30  WARN 2284 --- [inventory-service] [           main] .w.s.m.s.DefaultHandlerExceptionResolver : Resolved [org.springframework.web.bind.MethodArgumentNotValidException: Validation failed for argument [0] in public org.springframework.http.ResponseEntity<?> com.ecommerce.inventory.controller.InventoryController.updateInventory(com.ecommerce.inventory.dto.InventoryUpdateRequest): [Field error in object 'inventoryUpdateRequest' on field 'productId': rejected value [null]; codes [NotNull.inventoryUpdateRequest.productId,NotNull.productId,NotNull.java.lang.Long,NotNull]; arguments [org.springframework.context.support.DefaultMessageSourceResolvable: codes [inventoryUpdateRequest.productId,productId]; arguments []; default message [productId]]; default message [Product ID is required]] ]
]]></system-out>
  </testcase>
  <testcase name="testUpdateInventory_InsufficientStock" classname="com.ecommerce.inventory.controller.InventoryControllerIntegrationTest" time="0.007">
    <system-out><![CDATA[2026-02-14T10:48:14.786+05:30  INFO 2284 --- [inventory-service] [           main] c.e.i.controller.InventoryController     : Received POST request to update inventory: productId=1001, quantity=1000
2026-02-14T10:48:14.786+05:30  INFO 2284 --- [inventory-service] [           main] c.e.inventory.service.InventoryService   : Updating inventory for product 1001: 1000 units from 1 batches
2026-02-14T10:48:14.786+05:30 DEBUG 2284 --- [inventory-service] [           main] c.e.i.factory.InventoryHandlerFactory    : Retrieving default handler: FIFO
2026-02-14T10:48:14.786+05:30 DEBUG 2284 --- [inventory-service] [           main] c.e.i.factory.InventoryHandlerFactory    : Retrieved handler of type: FIFO
2026-02-14T10:48:14.786+05:30 DEBUG 2284 --- [inventory-service] [           main] c.e.i.factory.FifoInventoryHandler       : Updating FIFO inventory for product: 1001, total quantity: 1000
2026-02-14T10:48:14.787+05:30 DEBUG 2284 --- [inventory-service] [           main] org.hibernate.SQL                        : 
    select
        ib1_0.batch_id,
        ib1_0.expiry_date,
        ib1_0.product_id,
        ib1_0.product_name,
        ib1_0.quantity 
    from
        inventory_batch ib1_0 
    where
        ib1_0.batch_id=?
Hibernate: 
    select
        ib1_0.batch_id,
        ib1_0.expiry_date,
        ib1_0.product_id,
        ib1_0.product_name,
        ib1_0.quantity 
    from
        inventory_batch ib1_0 
    where
        ib1_0.batch_id=?
2026-02-14T10:48:14.788+05:30 ERROR 2284 --- [inventory-service] [           main] c.e.i.factory.FifoInventoryHandler       : Insufficient quantity in batch 1. Available: 63, Required: 1000
2026-02-14T10:48:14.788+05:30 ERROR 2284 --- [inventory-service] [           main] c.e.inventory.service.InventoryService   : Failed to update inventory for product 1001: Insufficient quantity in batch 1
2026-02-14T10:48:14.788+05:30  WARN 2284 --- [inventory-service] [           main] c.e.i.controller.InventoryController     : Failed to update inventory: Insufficient quantity in batch 1
]]></system-out>
  </testcase>
  <testcase name="testUpdateInventory_BatchNotFound" classname="com.ecommerce.inventory.controller.InventoryControllerIntegrationTest" time="0.007">
    <system-out><![CDATA[2026-02-14T10:48:14.794+05:30  INFO 2284 --- [inventory-service] [           main] c.e.i.controller.InventoryController     : Received POST request to update inventory: productId=1001, quantity=10
2026-02-14T10:48:14.794+05:30  INFO 2284 --- [inventory-service] [           main] c.e.inventory.service.InventoryService   : Updating inventory for product 1001: 10 units from 1 batches
2026-02-14T10:48:14.794+05:30 DEBUG 2284 --- [inventory-service] [           main] c.e.i.factory.InventoryHandlerFactory    : Retrieving default handler: FIFO
2026-02-14T10:48:14.794+05:30 DEBUG 2284 --- [inventory-service] [           main] c.e.i.factory.InventoryHandlerFactory    : Retrieved handler of type: FIFO
2026-02-14T10:48:14.794+05:30 DEBUG 2284 --- [inventory-service] [           main] c.e.i.factory.FifoInventoryHandler       : Updating FIFO inventory for product: 1001, total quantity: 10
2026-02-14T10:48:14.795+05:30 DEBUG 2284 --- [inventory-service] [           main] org.hibernate.SQL                        : 
    select
        ib1_0.batch_id,
        ib1_0.expiry_date,
        ib1_0.product_id,
        ib1_0.product_name,
        ib1_0.quantity 
    from
        inventory_batch ib1_0 
    where
        ib1_0.batch_id=?
Hibernate: 
    select
        ib1_0.batch_id,
        ib1_0.expiry_date,
        ib1_0.product_id,
        ib1_0.product_name,
        ib1_0.quantity 
    from
        inventory_batch ib1_0 
    where
        ib1_0.batch_id=?
2026-02-14T10:48:14.795+05:30 ERROR 2284 --- [inventory-service] [           main] c.e.inventory.service.InventoryService   : Failed to update inventory for product 1001: Batch not found: 9999
2026-02-14T10:48:14.796+05:30  WARN 2284 --- [inventory-service] [           main] c.e.i.controller.InventoryController     : Failed to update inventory: Batch not found: 9999
]]></system-out>
  </testcase>
  <testcase name="testGetInventory_Success" classname="com.ecommerce.inventory.controller.InventoryControllerIntegrationTest" time="0.014">
    <system-out><![CDATA[2026-02-14T10:48:14.803+05:30  INFO 2284 --- [inventory-service] [           main] c.e.i.controller.InventoryController     : Received GET request for inventory: productId=1001
2026-02-14T10:48:14.804+05:30  INFO 2284 --- [inventory-service] [           main] c.e.inventory.service.InventoryService   : Fetching inventory for product ID: 1001
2026-02-14T10:48:14.804+05:30 DEBUG 2284 --- [inventory-service] [           main] c.e.i.factory.InventoryHandlerFactory    : Retrieving default handler: FIFO
2026-02-14T10:48:14.804+05:30 DEBUG 2284 --- [inventory-service] [           main] c.e.i.factory.InventoryHandlerFactory    : Retrieved handler of type: FIFO
2026-02-14T10:48:14.804+05:30 DEBUG 2284 --- [inventory-service] [           main] c.e.i.factory.FifoInventoryHandler       : Fetching FIFO inventory for product: 1001
2026-02-14T10:48:14.805+05:30 DEBUG 2284 --- [inventory-service] [           main] org.hibernate.SQL                        : 
    select
        ib1_0.batch_id,
        ib1_0.expiry_date,
        ib1_0.product_id,
        ib1_0.product_name,
        ib1_0.quantity 
    from
        inventory_batch ib1_0 
    where
        ib1_0.product_id=? 
    order by
        ib1_0.expiry_date
Hibernate: 
    select
        ib1_0.batch_id,
        ib1_0.expiry_date,
        ib1_0.product_id,
        ib1_0.product_name,
        ib1_0.quantity 
    from
        inventory_batch ib1_0 
    where
        ib1_0.product_id=? 
    order by
        ib1_0.expiry_date
2026-02-14T10:48:14.806+05:30 DEBUG 2284 --- [inventory-service] [           main] c.e.i.factory.FifoInventoryHandler       : Found 1 batches with total quantity 63 for product 1001
2026-02-14T10:48:14.806+05:30  INFO 2284 --- [inventory-service] [           main] c.e.inventory.service.InventoryService   : Successfully retrieved inventory for product 1001: 1 batches, total quantity: 63
2026-02-14T10:48:14.806+05:30  INFO 2284 --- [inventory-service] [           main] c.e.i.controller.InventoryController     : Successfully processed GET request for product 1001
]]></system-out>
  </testcase>
</testsuite>